Using pre-set license
Built from '2020.2/release' branch; Version is '2020.2.0f1 (3721df5a8b28) revision 3613151'; Using compiler version '192528614'; Build Type 'Release'
OS: 'Windows 10  (10.0.0) 64bit' Language: 'en' Physical Memory: 16316 MB
BatchMode: 1, IsHumanControllingUs: 0, StartBugReporterOnCrash: 0, Is64bit: 1, IsPro: 0

 COMMAND LINE ARGUMENTS:
C:\Program Files\Unity\Hub\Editor\2020.2.0f1\Editor\Unity.exe
-adb2
-batchMode
-noUpm
-name
AssetImportWorker0
-projectPath
D:/Unity Projects D/WizPhoton/Wiz_Photon
-logFile
Logs/AssetImportWorker0.log
-srvPort
61231
Successfully changed project path to: D:/Unity Projects D/WizPhoton/Wiz_Photon
D:/Unity Projects D/WizPhoton/Wiz_Photon
Using Asset Import Pipeline V2.
Refreshing native plugins compatible for Editor in 281.29 ms, found 0 plugins.
Preloading 0 native plugins for Editor in 0.00 ms.
Initialize engine version: 2020.2.0f1 (3721df5a8b28)
[Subsystems] Discovering subsystems at path C:/Program Files/Unity/Hub/Editor/2020.2.0f1/Editor/Data/Resources/UnitySubsystems
[Subsystems] Discovering subsystems at path D:/Unity Projects D/WizPhoton/Wiz_Photon/Assets
GfxDevice: creating device client; threaded=0
Direct3D:
    Version:  Direct3D 11.0 [level 11.1]
    Renderer: NVIDIA GeForce GTX 1060 6GB (ID=0x1c03)
    Vendor:   
    VRAM:     6052 MB
    Driver:   30.0.14.7141
Initialize mono
Mono path[0] = 'C:/Program Files/Unity/Hub/Editor/2020.2.0f1/Editor/Data/Managed'
Mono path[1] = 'C:/Program Files/Unity/Hub/Editor/2020.2.0f1/Editor/Data/MonoBleedingEdge/lib/mono/unityjit'
Mono config path = 'C:/Program Files/Unity/Hub/Editor/2020.2.0f1/Editor/Data/MonoBleedingEdge/etc'
Using monoOptions --debugger-agent=transport=dt_socket,embedding=1,server=y,suspend=n,address=127.0.0.1:56856
Begin MonoManager ReloadAssembly
Registering precompiled unity dll's ...
Register platform support module: C:/Program Files/Unity/Hub/Editor/2020.2.0f1/Editor/Data/PlaybackEngines/WebGLSupport/UnityEditor.WebGL.Extensions.dll
Register platform support module: C:/Program Files/Unity/Hub/Editor/2020.2.0f1/Editor/Data/PlaybackEngines/WindowsStandaloneSupport/UnityEditor.WindowsStandalone.Extensions.dll
Registered in 0.002246 seconds.
Native extension for WindowsStandalone target not found
Native extension for WebGL target not found
Refreshing native plugins compatible for Editor in 28.80 ms, found 0 plugins.
Preloading 0 native plugins for Editor in 0.00 ms.
Invoked RoslynAnalysisRunner static constructor.
RoslynAnalysisRunner will not be running.
RoslynAnalysisRunner has terminated.
Mono: successfully reloaded assembly
- Completed reload, in  3.311 seconds
Platform modules already initialized, skipping
Registering precompiled user dll's ...
Registered in 0.147930 seconds.
Begin MonoManager ReloadAssembly
Native extension for WindowsStandalone target not found
Native extension for WebGL target not found
Refreshing native plugins compatible for Editor in 28.82 ms, found 0 plugins.
Preloading 0 native plugins for Editor in 0.00 ms.
Invoked RoslynAnalysisRunner static constructor.
RoslynAnalysisRunner will not be running.
RoslynAnalysisRunner has terminated.
Mono: successfully reloaded assembly
- Completed reload, in  0.836 seconds
Platform modules already initialized, skipping
========================================================================
Worker process is ready to serve import requests
Launched and connected shader compiler UnityShaderCompiler.exe after 0.09 seconds
Refreshing native plugins compatible for Editor in 0.33 ms, found 0 plugins.
Preloading 0 native plugins for Editor in 0.00 ms.
Unloading 1653 Unused Serialized files (Serialized files now loaded: 0)
System memory in use before: 78.8 MB.
System memory in use after: 78.9 MB.

Unloading 18 unused Assets to reduce memory usage. Loaded Objects now: 2095.
Total: 2.068800 ms (FindLiveObjects: 0.247800 ms CreateObjectMapping: 0.093000 ms MarkObjects: 1.656800 ms  DeleteObjects: 0.070100 ms)

========================================================================
Received Import Request.
  path: Assets/MyAssets/Scenes/Level/Level A.unity
  artifactKey: Guid(e1c2829a68bda5248ad45c8a1e5526d4) Importer(815301076,1909f56bfc062723c751e8b465ee728b)
Start importing Assets/MyAssets/Scenes/Level/Level A.unity using Guid(e1c2829a68bda5248ad45c8a1e5526d4) Importer(815301076,1909f56bfc062723c751e8b465ee728b)  -> (artifact id: '2bd4b4e6ef52a07f4a980ca14ea011e8') in 0.062462 seconds
  Import took 0.094220 seconds .

========================================================================
Received Import Request.
  Time since last request: 0.000607 seconds.
  path: Assets/MyAssets/Scenes/Level/Level B.unity
  artifactKey: Guid(cedc49b28c6611b44819ccc8447568d7) Importer(815301076,1909f56bfc062723c751e8b465ee728b)
Start importing Assets/MyAssets/Scenes/Level/Level B.unity using Guid(cedc49b28c6611b44819ccc8447568d7) Importer(815301076,1909f56bfc062723c751e8b465ee728b)  -> (artifact id: '0a55a6abd25b9d3548febfa8f6c0337f') in 0.005125 seconds
  Import took 0.008806 seconds .

========================================================================
Received Import Request.
  Time since last request: 49.016643 seconds.
  path: Assets/Resources/Prefabs/Doughboy.prefab
  artifactKey: Guid(a7acd5a4325477245ba4498dd4a55b8f) Importer(815301076,1909f56bfc062723c751e8b465ee728b)
Start importing Assets/Resources/Prefabs/Doughboy.prefab using Guid(a7acd5a4325477245ba4498dd4a55b8f) Importer(815301076,1909f56bfc062723c751e8b465ee728b)  -> (artifact id: 'b462fc55237937c676e5d7c4b7612fab') in 0.145840 seconds
  Import took 0.159830 seconds .

========================================================================
Received Prepare
Registering precompiled user dll's ...
Registered in 0.003552 seconds.
Begin MonoManager ReloadAssembly
Native extension for WindowsStandalone target not found
Native extension for WebGL target not found
Refreshing native plugins compatible for Editor in 0.41 ms, found 0 plugins.
Preloading 0 native plugins for Editor in 0.00 ms.
Invoked RoslynAnalysisRunner static constructor.
RoslynAnalysisRunner will not be running.
RoslynAnalysisRunner has terminated.
Mono: successfully reloaded assembly
- Completed reload, in  0.762 seconds
Platform modules already initialized, skipping
Refreshing native plugins compatible for Editor in 0.29 ms, found 0 plugins.
Preloading 0 native plugins for Editor in 0.00 ms.
Unloading 1633 Unused Serialized files (Serialized files now loaded: 0)
System memory in use before: 92.3 MB.
System memory in use after: 92.4 MB.

Unloading 10 unused Assets to reduce memory usage. Loaded Objects now: 2106.
Total: 1.777100 ms (FindLiveObjects: 0.166500 ms CreateObjectMapping: 0.061800 ms MarkObjects: 1.497700 ms  DeleteObjects: 0.050200 ms)

========================================================================
Received Prepare
Registering precompiled user dll's ...
Registered in 0.002343 seconds.
Begin MonoManager ReloadAssembly
Native extension for WindowsStandalone target not found
Native extension for WebGL target not found
Refreshing native plugins compatible for Editor in 0.36 ms, found 0 plugins.
Preloading 0 native plugins for Editor in 0.00 ms.
Invoked RoslynAnalysisRunner static constructor.
RoslynAnalysisRunner will not be running.
RoslynAnalysisRunner has terminated.
Mono: successfully reloaded assembly
- Completed reload, in  0.752 seconds
Platform modules already initialized, skipping
Refreshing native plugins compatible for Editor in 0.30 ms, found 0 plugins.
Preloading 0 native plugins for Editor in 0.00 ms.
Unloading 1633 Unused Serialized files (Serialized files now loaded: 0)
System memory in use before: 92.9 MB.
System memory in use after: 93.0 MB.

Unloading 10 unused Assets to reduce memory usage. Loaded Objects now: 2109.
Total: 2.442800 ms (FindLiveObjects: 0.142500 ms CreateObjectMapping: 0.045800 ms MarkObjects: 2.196700 ms  DeleteObjects: 0.056800 ms)

========================================================================
Received Import Request.
  Time since last request: 134.463009 seconds.
  path: Assets/Resources/Prefabs/InGameSpawnSystem.prefab
  artifactKey: Guid(ff0a2c8de4e4434418d97bf7cb7ad29e) Importer(815301076,1909f56bfc062723c751e8b465ee728b)
Start importing Assets/Resources/Prefabs/InGameSpawnSystem.prefab using Guid(ff0a2c8de4e4434418d97bf7cb7ad29e) Importer(815301076,1909f56bfc062723c751e8b465ee728b)  -> (artifact id: 'dccc189082a361028feb7e6bb6498067') in 0.121546 seconds
  Import took 0.137050 seconds .

========================================================================
Received Prepare
Registering precompiled user dll's ...
Registered in 0.002330 seconds.
Begin MonoManager ReloadAssembly
Native extension for WindowsStandalone target not found
Native extension for WebGL target not found
Refreshing native plugins compatible for Editor in 0.44 ms, found 0 plugins.
Preloading 0 native plugins for Editor in 0.00 ms.
Invoked RoslynAnalysisRunner static constructor.
RoslynAnalysisRunner will not be running.
RoslynAnalysisRunner has terminated.
Mono: successfully reloaded assembly
- Completed reload, in  0.710 seconds
Platform modules already initialized, skipping
Refreshing native plugins compatible for Editor in 0.36 ms, found 0 plugins.
Preloading 0 native plugins for Editor in 0.00 ms.
Unloading 1633 Unused Serialized files (Serialized files now loaded: 0)
System memory in use before: 93.7 MB.
System memory in use after: 93.8 MB.

Unloading 10 unused Assets to reduce memory usage. Loaded Objects now: 2112.
Total: 1.683700 ms (FindLiveObjects: 0.131800 ms CreateObjectMapping: 0.044200 ms MarkObjects: 1.460900 ms  DeleteObjects: 0.045900 ms)

========================================================================
Received Import Request.
  Time since last request: 30.233379 seconds.
  path: Assets/MyAssets/Scenes/BattleScene.unity
  artifactKey: Guid(38816450aea52514d807f7e5bf8391a9) Importer(815301076,1909f56bfc062723c751e8b465ee728b)
Start importing Assets/MyAssets/Scenes/BattleScene.unity using Guid(38816450aea52514d807f7e5bf8391a9) Importer(815301076,1909f56bfc062723c751e8b465ee728b)  -> (artifact id: '7b71b2979b55cd7a70a155f62c61140f') in 0.033660 seconds
  Import took 0.047809 seconds .

========================================================================
Received Import Request.
  Time since last request: 58.069241 seconds.
  path: Assets/Resources/Prefabs/InGameSpawnSystem.prefab
  artifactKey: Guid(ff0a2c8de4e4434418d97bf7cb7ad29e) Importer(815301076,1909f56bfc062723c751e8b465ee728b)
Start importing Assets/Resources/Prefabs/InGameSpawnSystem.prefab using Guid(ff0a2c8de4e4434418d97bf7cb7ad29e) Importer(815301076,1909f56bfc062723c751e8b465ee728b)  -> (artifact id: '5edeb655a473ab03ca9f6ee9f946a889') in 0.058062 seconds
  Import took 0.080797 seconds .

========================================================================
Received Prepare
Registering precompiled user dll's ...
Registered in 0.002380 seconds.
Begin MonoManager ReloadAssembly
Native extension for WindowsStandalone target not found
Native extension for WebGL target not found
Refreshing native plugins compatible for Editor in 0.36 ms, found 0 plugins.
Preloading 0 native plugins for Editor in 0.00 ms.
Invoked RoslynAnalysisRunner static constructor.
RoslynAnalysisRunner will not be running.
RoslynAnalysisRunner has terminated.
Mono: successfully reloaded assembly
- Completed reload, in  0.712 seconds
Platform modules already initialized, skipping
Refreshing native plugins compatible for Editor in 0.32 ms, found 0 plugins.
Preloading 0 native plugins for Editor in 0.00 ms.
Unloading 1633 Unused Serialized files (Serialized files now loaded: 0)
System memory in use before: 93.3 MB.
System memory in use after: 93.4 MB.

Unloading 10 unused Assets to reduce memory usage. Loaded Objects now: 2115.
Total: 1.667900 ms (FindLiveObjects: 0.157800 ms CreateObjectMapping: 0.052600 ms MarkObjects: 1.406700 ms  DeleteObjects: 0.049100 ms)

========================================================================
Received Prepare
Registering precompiled user dll's ...
Registered in 0.002685 seconds.
Begin MonoManager ReloadAssembly
Native extension for WindowsStandalone target not found
Native extension for WebGL target not found
Refreshing native plugins compatible for Editor in 0.30 ms, found 0 plugins.
Preloading 0 native plugins for Editor in 0.00 ms.
Invoked RoslynAnalysisRunner static constructor.
RoslynAnalysisRunner will not be running.
RoslynAnalysisRunner has terminated.
Mono: successfully reloaded assembly
- Completed reload, in  0.713 seconds
Platform modules already initialized, skipping
Refreshing native plugins compatible for Editor in 0.30 ms, found 0 plugins.
Preloading 0 native plugins for Editor in 0.00 ms.
Unloading 1633 Unused Serialized files (Serialized files now loaded: 0)
System memory in use before: 93.7 MB.
System memory in use after: 93.8 MB.

Unloading 10 unused Assets to reduce memory usage. Loaded Objects now: 2118.
Total: 1.896700 ms (FindLiveObjects: 0.155300 ms CreateObjectMapping: 0.054900 ms MarkObjects: 1.634200 ms  DeleteObjects: 0.051200 ms)

========================================================================
Received Prepare
Registering precompiled user dll's ...
Registered in 0.002296 seconds.
Begin MonoManager ReloadAssembly
Native extension for WindowsStandalone target not found
Native extension for WebGL target not found
Refreshing native plugins compatible for Editor in 0.35 ms, found 0 plugins.
Preloading 0 native plugins for Editor in 0.00 ms.
Invoked RoslynAnalysisRunner static constructor.
RoslynAnalysisRunner will not be running.
RoslynAnalysisRunner has terminated.
Mono: successfully reloaded assembly
- Completed reload, in  0.734 seconds
Platform modules already initialized, skipping
Refreshing native plugins compatible for Editor in 0.29 ms, found 0 plugins.
Preloading 0 native plugins for Editor in 0.00 ms.
Unloading 1633 Unused Serialized files (Serialized files now loaded: 0)
System memory in use before: 93.4 MB.
System memory in use after: 93.5 MB.

Unloading 10 unused Assets to reduce memory usage. Loaded Objects now: 2121.
Total: 2.701900 ms (FindLiveObjects: 0.191500 ms CreateObjectMapping: 0.054100 ms MarkObjects: 2.393900 ms  DeleteObjects: 0.061000 ms)

========================================================================
Received Prepare
Registering precompiled user dll's ...
Registered in 0.002358 seconds.
Begin MonoManager ReloadAssembly
Native extension for WindowsStandalone target not found
Native extension for WebGL target not found
Refreshing native plugins compatible for Editor in 0.36 ms, found 0 plugins.
Preloading 0 native plugins for Editor in 0.00 ms.
Invoked RoslynAnalysisRunner static constructor.
RoslynAnalysisRunner will not be running.
RoslynAnalysisRunner has terminated.
Mono: successfully reloaded assembly
- Completed reload, in  0.711 seconds
Platform modules already initialized, skipping
Refreshing native plugins compatible for Editor in 0.32 ms, found 0 plugins.
Preloading 0 native plugins for Editor in 0.00 ms.
Unloading 1633 Unused Serialized files (Serialized files now loaded: 0)
System memory in use before: 93.7 MB.
System memory in use after: 93.8 MB.

Unloading 10 unused Assets to reduce memory usage. Loaded Objects now: 2124.
Total: 1.622500 ms (FindLiveObjects: 0.163300 ms CreateObjectMapping: 0.048500 ms MarkObjects: 1.361900 ms  DeleteObjects: 0.048000 ms)

========================================================================
Received Prepare
Registering precompiled user dll's ...
Registered in 0.002635 seconds.
Begin MonoManager ReloadAssembly
Native extension for WindowsStandalone target not found
Native extension for WebGL target not found
Refreshing native plugins compatible for Editor in 0.30 ms, found 0 plugins.
Preloading 0 native plugins for Editor in 0.00 ms.
Invoked RoslynAnalysisRunner static constructor.
RoslynAnalysisRunner will not be running.
RoslynAnalysisRunner has terminated.
Mono: successfully reloaded assembly
- Completed reload, in  0.700 seconds
Platform modules already initialized, skipping
Refreshing native plugins compatible for Editor in 0.30 ms, found 0 plugins.
Preloading 0 native plugins for Editor in 0.00 ms.
Unloading 1633 Unused Serialized files (Serialized files now loaded: 0)
System memory in use before: 93.5 MB.
System memory in use after: 93.6 MB.

Unloading 10 unused Assets to reduce memory usage. Loaded Objects now: 2127.
Total: 1.809300 ms (FindLiveObjects: 0.179400 ms CreateObjectMapping: 0.066200 ms MarkObjects: 1.507900 ms  DeleteObjects: 0.055100 ms)

========================================================================
Received Prepare
Registering precompiled user dll's ...
Registered in 0.002420 seconds.
Begin MonoManager ReloadAssembly
Native extension for WindowsStandalone target not found
Native extension for WebGL target not found
Refreshing native plugins compatible for Editor in 0.30 ms, found 0 plugins.
Preloading 0 native plugins for Editor in 0.00 ms.
Invoked RoslynAnalysisRunner static constructor.
RoslynAnalysisRunner will not be running.
RoslynAnalysisRunner has terminated.
Mono: successfully reloaded assembly
- Completed reload, in  0.724 seconds
Platform modules already initialized, skipping
Refreshing native plugins compatible for Editor in 0.32 ms, found 0 plugins.
Preloading 0 native plugins for Editor in 0.00 ms.
Unloading 1633 Unused Serialized files (Serialized files now loaded: 0)
System memory in use before: 93.8 MB.
System memory in use after: 93.8 MB.

Unloading 10 unused Assets to reduce memory usage. Loaded Objects now: 2130.
Total: 1.840200 ms (FindLiveObjects: 0.153500 ms CreateObjectMapping: 0.054400 ms MarkObjects: 1.570400 ms  DeleteObjects: 0.061100 ms)

========================================================================
Received Prepare
Registering precompiled user dll's ...
Registered in 0.002448 seconds.
Begin MonoManager ReloadAssembly
Native extension for WindowsStandalone target not found
Native extension for WebGL target not found
Refreshing native plugins compatible for Editor in 0.34 ms, found 0 plugins.
Preloading 0 native plugins for Editor in 0.00 ms.
Invoked RoslynAnalysisRunner static constructor.
RoslynAnalysisRunner will not be running.
RoslynAnalysisRunner has terminated.
Mono: successfully reloaded assembly
- Completed reload, in  0.732 seconds
Platform modules already initialized, skipping
Refreshing native plugins compatible for Editor in 0.31 ms, found 0 plugins.
Preloading 0 native plugins for Editor in 0.00 ms.
Unloading 1633 Unused Serialized files (Serialized files now loaded: 0)
System memory in use before: 93.6 MB.
System memory in use after: 93.6 MB.

Unloading 10 unused Assets to reduce memory usage. Loaded Objects now: 2133.
Total: 1.685000 ms (FindLiveObjects: 0.154200 ms CreateObjectMapping: 0.046500 ms MarkObjects: 1.435300 ms  DeleteObjects: 0.047900 ms)

========================================================================
Received Prepare
Registering precompiled user dll's ...
Registered in 0.002416 seconds.
Begin MonoManager ReloadAssembly
Native extension for WindowsStandalone target not found
Native extension for WebGL target not found
Refreshing native plugins compatible for Editor in 0.46 ms, found 0 plugins.
Preloading 0 native plugins for Editor in 0.00 ms.
Invoked RoslynAnalysisRunner static constructor.
RoslynAnalysisRunner will not be running.
RoslynAnalysisRunner has terminated.
Mono: successfully reloaded assembly
- Completed reload, in  0.731 seconds
Platform modules already initialized, skipping
Refreshing native plugins compatible for Editor in 0.52 ms, found 0 plugins.
Preloading 0 native plugins for Editor in 0.00 ms.
Unloading 1633 Unused Serialized files (Serialized files now loaded: 0)
System memory in use before: 93.8 MB.
System memory in use after: 93.9 MB.

Unloading 10 unused Assets to reduce memory usage. Loaded Objects now: 2136.
Total: 2.027500 ms (FindLiveObjects: 0.179200 ms CreateObjectMapping: 0.054400 ms MarkObjects: 1.735500 ms  DeleteObjects: 0.056900 ms)

========================================================================
Received Prepare
Registering precompiled user dll's ...
Registered in 0.002622 seconds.
Begin MonoManager ReloadAssembly
Native extension for WindowsStandalone target not found
Native extension for WebGL target not found
Refreshing native plugins compatible for Editor in 0.50 ms, found 0 plugins.
Preloading 0 native plugins for Editor in 0.00 ms.
Invoked RoslynAnalysisRunner static constructor.
RoslynAnalysisRunner will not be running.
RoslynAnalysisRunner has terminated.
Mono: successfully reloaded assembly
- Completed reload, in  0.790 seconds
Platform modules already initialized, skipping
Refreshing native plugins compatible for Editor in 0.31 ms, found 0 plugins.
Preloading 0 native plugins for Editor in 0.00 ms.
Unloading 1633 Unused Serialized files (Serialized files now loaded: 0)
System memory in use before: 93.6 MB.
System memory in use after: 93.7 MB.

Unloading 10 unused Assets to reduce memory usage. Loaded Objects now: 2139.
Total: 2.541400 ms (FindLiveObjects: 0.317200 ms CreateObjectMapping: 0.093900 ms MarkObjects: 2.044000 ms  DeleteObjects: 0.084100 ms)

========================================================================
Received Import Request.
  Time since last request: 423.806636 seconds.
  path: Assets/Resources/Prefabs/InGameSpawnSystem.prefab
  artifactKey: Guid(ff0a2c8de4e4434418d97bf7cb7ad29e) Importer(815301076,1909f56bfc062723c751e8b465ee728b)
Start importing Assets/Resources/Prefabs/InGameSpawnSystem.prefab using Guid(ff0a2c8de4e4434418d97bf7cb7ad29e) Importer(815301076,1909f56bfc062723c751e8b465ee728b)  -> (artifact id: 'f629c6b365f60dc9e8152c327d5c89ab') in 0.069091 seconds
  Import took 0.091283 seconds .

========================================================================
Received Import Request.
  Time since last request: 3.926640 seconds.
  path: Assets/Resources/Prefabs/InGameSpawnSystem.prefab
  artifactKey: Guid(ff0a2c8de4e4434418d97bf7cb7ad29e) Importer(815301076,1909f56bfc062723c751e8b465ee728b)
Start importing Assets/Resources/Prefabs/InGameSpawnSystem.prefab using Guid(ff0a2c8de4e4434418d97bf7cb7ad29e) Importer(815301076,1909f56bfc062723c751e8b465ee728b)  -> (artifact id: '348c3ad6d0fa942601042d5bf735fbcf') in 0.023839 seconds
  Import took 0.031390 seconds .

========================================================================
Received Import Request.
  Time since last request: 8.030967 seconds.
  path: Assets/Resources/Prefabs/InGameSpawnSystem.prefab
  artifactKey: Guid(ff0a2c8de4e4434418d97bf7cb7ad29e) Importer(815301076,1909f56bfc062723c751e8b465ee728b)
Start importing Assets/Resources/Prefabs/InGameSpawnSystem.prefab using Guid(ff0a2c8de4e4434418d97bf7cb7ad29e) Importer(815301076,1909f56bfc062723c751e8b465ee728b)  -> (artifact id: '28fd813796bf891b8c65d4b47574c1cb') in 0.021704 seconds
  Import took 0.028794 seconds .

========================================================================
Received Prepare
Registering precompiled user dll's ...
Registered in 0.002519 seconds.
Begin MonoManager ReloadAssembly
Native extension for WindowsStandalone target not found
Native extension for WebGL target not found
Refreshing native plugins compatible for Editor in 0.53 ms, found 0 plugins.
Preloading 0 native plugins for Editor in 0.00 ms.
Invoked RoslynAnalysisRunner static constructor.
RoslynAnalysisRunner will not be running.
RoslynAnalysisRunner has terminated.
Mono: successfully reloaded assembly
- Completed reload, in  0.720 seconds
Platform modules already initialized, skipping
Refreshing native plugins compatible for Editor in 0.29 ms, found 0 plugins.
Preloading 0 native plugins for Editor in 0.00 ms.
Unloading 1633 Unused Serialized files (Serialized files now loaded: 0)
System memory in use before: 93.8 MB.
System memory in use after: 93.9 MB.

Unloading 10 unused Assets to reduce memory usage. Loaded Objects now: 2142.
Total: 2.538700 ms (FindLiveObjects: 0.246800 ms CreateObjectMapping: 0.077200 ms MarkObjects: 2.145700 ms  DeleteObjects: 0.067700 ms)

========================================================================
Received Prepare
Registering precompiled user dll's ...
Registered in 0.002426 seconds.
Begin MonoManager ReloadAssembly
Native extension for WindowsStandalone target not found
Native extension for WebGL target not found
Refreshing native plugins compatible for Editor in 0.31 ms, found 0 plugins.
Preloading 0 native plugins for Editor in 0.00 ms.
Invoked RoslynAnalysisRunner static constructor.
RoslynAnalysisRunner will not be running.
RoslynAnalysisRunner has terminated.
Mono: successfully reloaded assembly
- Completed reload, in  0.718 seconds
Platform modules already initialized, skipping
Refreshing native plugins compatible for Editor in 0.30 ms, found 0 plugins.
Preloading 0 native plugins for Editor in 0.00 ms.
Unloading 1633 Unused Serialized files (Serialized files now loaded: 0)
System memory in use before: 93.7 MB.
System memory in use after: 93.8 MB.

Unloading 10 unused Assets to reduce memory usage. Loaded Objects now: 2145.
Total: 2.109200 ms (FindLiveObjects: 0.209300 ms CreateObjectMapping: 0.068500 ms MarkObjects: 1.766400 ms  DeleteObjects: 0.063900 ms)

========================================================================
Received Prepare
Registering precompiled user dll's ...
Registered in 0.002312 seconds.
Begin MonoManager ReloadAssembly
Native extension for WindowsStandalone target not found
Native extension for WebGL target not found
Refreshing native plugins compatible for Editor in 0.30 ms, found 0 plugins.
Preloading 0 native plugins for Editor in 0.00 ms.
Invoked RoslynAnalysisRunner static constructor.
RoslynAnalysisRunner will not be running.
RoslynAnalysisRunner has terminated.
Mono: successfully reloaded assembly
- Completed reload, in  0.727 seconds
Platform modules already initialized, skipping
Refreshing native plugins compatible for Editor in 0.35 ms, found 0 plugins.
Preloading 0 native plugins for Editor in 0.00 ms.
Unloading 1633 Unused Serialized files (Serialized files now loaded: 0)
System memory in use before: 93.8 MB.
System memory in use after: 93.9 MB.

Unloading 10 unused Assets to reduce memory usage. Loaded Objects now: 2148.
Total: 2.109800 ms (FindLiveObjects: 0.208400 ms CreateObjectMapping: 0.070300 ms MarkObjects: 1.766000 ms  DeleteObjects: 0.063800 ms)

========================================================================
Received Import Request.
  Time since last request: 68.854546 seconds.
  path: Assets/Resources/Prefabs/InGameSpawnSystem.prefab
  artifactKey: Guid(ff0a2c8de4e4434418d97bf7cb7ad29e) Importer(815301076,1909f56bfc062723c751e8b465ee728b)
Start importing Assets/Resources/Prefabs/InGameSpawnSystem.prefab using Guid(ff0a2c8de4e4434418d97bf7cb7ad29e) Importer(815301076,1909f56bfc062723c751e8b465ee728b)  -> (artifact id: 'dd279ddba2943b1bd404c23c426a4f5c') in 0.064016 seconds
  Import took 0.066648 seconds .

========================================================================
Received Import Request.
  Time since last request: 10.978840 seconds.
  path: Assets/Resources/Prefabs/InGameSpawnSystem.prefab
  artifactKey: Guid(ff0a2c8de4e4434418d97bf7cb7ad29e) Importer(815301076,1909f56bfc062723c751e8b465ee728b)
Start importing Assets/Resources/Prefabs/InGameSpawnSystem.prefab using Guid(ff0a2c8de4e4434418d97bf7cb7ad29e) Importer(815301076,1909f56bfc062723c751e8b465ee728b)  -> (artifact id: 'f99bf3f9f83d741ec7f5039b7da0a902') in 0.021789 seconds
  Import took 0.030635 seconds .

========================================================================
Received Import Request.
  Time since last request: 5.526169 seconds.
  path: Assets/Resources/Prefabs/InGameSpawnSystem.prefab
  artifactKey: Guid(ff0a2c8de4e4434418d97bf7cb7ad29e) Importer(815301076,1909f56bfc062723c751e8b465ee728b)
Start importing Assets/Resources/Prefabs/InGameSpawnSystem.prefab using Guid(ff0a2c8de4e4434418d97bf7cb7ad29e) Importer(815301076,1909f56bfc062723c751e8b465ee728b)  -> (artifact id: 'd22dbccc5ed4478a88fec314fcffb3ab') in 0.025572 seconds
  Import took 0.042844 seconds .

========================================================================
Received Prepare
Registering precompiled user dll's ...
Registered in 0.002397 seconds.
Begin MonoManager ReloadAssembly
Native extension for WindowsStandalone target not found
Native extension for WebGL target not found
Refreshing native plugins compatible for Editor in 0.31 ms, found 0 plugins.
Preloading 0 native plugins for Editor in 0.00 ms.
Invoked RoslynAnalysisRunner static constructor.
RoslynAnalysisRunner will not be running.
RoslynAnalysisRunner has terminated.
Mono: successfully reloaded assembly
- Completed reload, in  0.751 seconds
Platform modules already initialized, skipping
Refreshing native plugins compatible for Editor in 0.30 ms, found 0 plugins.
Preloading 0 native plugins for Editor in 0.00 ms.
Unloading 1633 Unused Serialized files (Serialized files now loaded: 0)
System memory in use before: 93.8 MB.
System memory in use after: 93.8 MB.

Unloading 10 unused Assets to reduce memory usage. Loaded Objects now: 2151.
Total: 2.327700 ms (FindLiveObjects: 0.170800 ms CreateObjectMapping: 0.054300 ms MarkObjects: 2.040900 ms  DeleteObjects: 0.060800 ms)

========================================================================
Received Prepare
Registering precompiled user dll's ...
Registered in 0.002214 seconds.
Begin MonoManager ReloadAssembly
Native extension for WindowsStandalone target not found
Native extension for WebGL target not found
Refreshing native plugins compatible for Editor in 0.31 ms, found 0 plugins.
Preloading 0 native plugins for Editor in 0.00 ms.
Invoked RoslynAnalysisRunner static constructor.
RoslynAnalysisRunner will not be running.
RoslynAnalysisRunner has terminated.
Mono: successfully reloaded assembly
- Completed reload, in  0.706 seconds
Platform modules already initialized, skipping
Refreshing native plugins compatible for Editor in 0.55 ms, found 0 plugins.
Preloading 0 native plugins for Editor in 0.00 ms.
Unloading 1633 Unused Serialized files (Serialized files now loaded: 0)
System memory in use before: 93.8 MB.
System memory in use after: 93.9 MB.

Unloading 10 unused Assets to reduce memory usage. Loaded Objects now: 2154.
Total: 2.027700 ms (FindLiveObjects: 0.155400 ms CreateObjectMapping: 0.058700 ms MarkObjects: 1.748100 ms  DeleteObjects: 0.064400 ms)

========================================================================
Received Prepare
Registering precompiled user dll's ...
Registered in 0.002344 seconds.
Begin MonoManager ReloadAssembly
Native extension for WindowsStandalone target not found
Native extension for WebGL target not found
Refreshing native plugins compatible for Editor in 0.50 ms, found 0 plugins.
Preloading 0 native plugins for Editor in 0.00 ms.
Invoked RoslynAnalysisRunner static constructor.
RoslynAnalysisRunner will not be running.
RoslynAnalysisRunner has terminated.
Mono: successfully reloaded assembly
- Completed reload, in  0.719 seconds
Platform modules already initialized, skipping
Refreshing native plugins compatible for Editor in 0.93 ms, found 0 plugins.
Preloading 0 native plugins for Editor in 0.00 ms.
Unloading 1633 Unused Serialized files (Serialized files now loaded: 0)
System memory in use before: 93.8 MB.
System memory in use after: 93.9 MB.

Unloading 10 unused Assets to reduce memory usage. Loaded Objects now: 2157.
Total: 1.864500 ms (FindLiveObjects: 0.207200 ms CreateObjectMapping: 0.075700 ms MarkObjects: 1.526200 ms  DeleteObjects: 0.054700 ms)

========================================================================
Received Prepare
Registering precompiled user dll's ...
Registered in 0.002335 seconds.
Begin MonoManager ReloadAssembly
Native extension for WindowsStandalone target not found
Native extension for WebGL target not found
Refreshing native plugins compatible for Editor in 0.30 ms, found 0 plugins.
Preloading 0 native plugins for Editor in 0.00 ms.
Invoked RoslynAnalysisRunner static constructor.
RoslynAnalysisRunner will not be running.
RoslynAnalysisRunner has terminated.
Mono: successfully reloaded assembly
- Completed reload, in  0.720 seconds
Platform modules already initialized, skipping
Refreshing native plugins compatible for Editor in 0.29 ms, found 0 plugins.
Preloading 0 native plugins for Editor in 0.00 ms.
Unloading 1633 Unused Serialized files (Serialized files now loaded: 0)
System memory in use before: 93.8 MB.
System memory in use after: 93.9 MB.

Unloading 10 unused Assets to reduce memory usage. Loaded Objects now: 2160.
Total: 1.747600 ms (FindLiveObjects: 0.148400 ms CreateObjectMapping: 0.048700 ms MarkObjects: 1.501300 ms  DeleteObjects: 0.048400 ms)

========================================================================
Received Prepare
Registering precompiled user dll's ...
Registered in 0.002315 seconds.
Begin MonoManager ReloadAssembly
Native extension for WindowsStandalone target not found
Native extension for WebGL target not found
Refreshing native plugins compatible for Editor in 0.46 ms, found 0 plugins.
Preloading 0 native plugins for Editor in 0.00 ms.
Invoked RoslynAnalysisRunner static constructor.
RoslynAnalysisRunner will not be running.
RoslynAnalysisRunner has terminated.
Mono: successfully reloaded assembly
- Completed reload, in  0.749 seconds
Platform modules already initialized, skipping
Refreshing native plugins compatible for Editor in 0.56 ms, found 0 plugins.
Preloading 0 native plugins for Editor in 0.00 ms.
Unloading 1633 Unused Serialized files (Serialized files now loaded: 0)
System memory in use before: 93.9 MB.
System memory in use after: 93.9 MB.

Unloading 10 unused Assets to reduce memory usage. Loaded Objects now: 2163.
Total: 2.161700 ms (FindLiveObjects: 0.213400 ms CreateObjectMapping: 0.067100 ms MarkObjects: 1.809400 ms  DeleteObjects: 0.070300 ms)

========================================================================
Received Import Request.
  Time since last request: 468.399035 seconds.
  path: Assets/Resources/Prefabs/Doughboy.prefab
  artifactKey: Guid(a7acd5a4325477245ba4498dd4a55b8f) Importer(815301076,1909f56bfc062723c751e8b465ee728b)
Start importing Assets/Resources/Prefabs/Doughboy.prefab using Guid(a7acd5a4325477245ba4498dd4a55b8f) Importer(815301076,1909f56bfc062723c751e8b465ee728b)  -> (artifact id: '62865b80e81849e0293a052622df81ab') in 0.083874 seconds
  Import took 0.101761 seconds .

========================================================================
Received Import Request.
  Time since last request: 1.870590 seconds.
  path: Assets/Resources/Prefabs/Doughboy.prefab
  artifactKey: Guid(a7acd5a4325477245ba4498dd4a55b8f) Importer(815301076,1909f56bfc062723c751e8b465ee728b)
Start importing Assets/Resources/Prefabs/Doughboy.prefab using Guid(a7acd5a4325477245ba4498dd4a55b8f) Importer(815301076,1909f56bfc062723c751e8b465ee728b)  -> (artifact id: '8afbc4c1d6d18c99fd10de6aa8ce1dc1') in 0.017002 seconds
  Import took 0.021689 seconds .

========================================================================
Received Prepare
Registering precompiled user dll's ...
Registered in 0.002309 seconds.
Begin MonoManager ReloadAssembly
Native extension for WindowsStandalone target not found
Native extension for WebGL target not found
Refreshing native plugins compatible for Editor in 0.30 ms, found 0 plugins.
Preloading 0 native plugins for Editor in 0.00 ms.
Invoked RoslynAnalysisRunner static constructor.
RoslynAnalysisRunner will not be running.
RoslynAnalysisRunner has terminated.
Mono: successfully reloaded assembly
- Completed reload, in  0.712 seconds
Platform modules already initialized, skipping
Refreshing native plugins compatible for Editor in 0.35 ms, found 0 plugins.
Preloading 0 native plugins for Editor in 0.00 ms.
Unloading 1633 Unused Serialized files (Serialized files now loaded: 0)
System memory in use before: 93.4 MB.
System memory in use after: 93.5 MB.

Unloading 10 unused Assets to reduce memory usage. Loaded Objects now: 2167.
Total: 1.583900 ms (FindLiveObjects: 0.150400 ms CreateObjectMapping: 0.040500 ms MarkObjects: 1.343600 ms  DeleteObjects: 0.048600 ms)

========================================================================
Received Prepare
Registering precompiled user dll's ...
Registered in 0.002345 seconds.
Begin MonoManager ReloadAssembly
Native extension for WindowsStandalone target not found
Native extension for WebGL target not found
Refreshing native plugins compatible for Editor in 0.29 ms, found 0 plugins.
Preloading 0 native plugins for Editor in 0.00 ms.
Invoked RoslynAnalysisRunner static constructor.
RoslynAnalysisRunner will not be running.
RoslynAnalysisRunner has terminated.
Mono: successfully reloaded assembly
- Completed reload, in  0.706 seconds
Platform modules already initialized, skipping
Refreshing native plugins compatible for Editor in 0.30 ms, found 0 plugins.
Preloading 0 native plugins for Editor in 0.00 ms.
Unloading 1633 Unused Serialized files (Serialized files now loaded: 0)
System memory in use before: 93.9 MB.
System memory in use after: 94.0 MB.

Unloading 10 unused Assets to reduce memory usage. Loaded Objects now: 2170.
Total: 1.957100 ms (FindLiveObjects: 0.178100 ms CreateObjectMapping: 0.062200 ms MarkObjects: 1.656600 ms  DeleteObjects: 0.059000 ms)

========================================================================
Received Prepare
Refreshing native plugins compatible for Editor in 1.73 ms, found 0 plugins.
Preloading 0 native plugins for Editor in 0.00 ms.
Unloading 8 Unused Serialized files (Serialized files now loaded: 0)
System memory in use before: 61.4 MB.
System memory in use after: 61.5 MB.

Unloading 8 unused Assets to reduce memory usage. Loaded Objects now: 2170.
Total: 4.862600 ms (FindLiveObjects: 0.319000 ms CreateObjectMapping: 0.118000 ms MarkObjects: 4.335300 ms  DeleteObjects: 0.088400 ms)

========================================================================
Received Prepare
Registering precompiled user dll's ...
Registered in 0.002370 seconds.
Begin MonoManager ReloadAssembly
Native extension for WindowsStandalone target not found
Native extension for WebGL target not found
Refreshing native plugins compatible for Editor in 0.32 ms, found 0 plugins.
Preloading 0 native plugins for Editor in 0.00 ms.
Invoked RoslynAnalysisRunner static constructor.
RoslynAnalysisRunner will not be running.
RoslynAnalysisRunner has terminated.
Mono: successfully reloaded assembly
- Completed reload, in  0.753 seconds
Platform modules already initialized, skipping
Refreshing native plugins compatible for Editor in 0.31 ms, found 0 plugins.
Preloading 0 native plugins for Editor in 0.00 ms.
Unloading 1633 Unused Serialized files (Serialized files now loaded: 0)
System memory in use before: 93.9 MB.
System memory in use after: 94.0 MB.

Unloading 10 unused Assets to reduce memory usage. Loaded Objects now: 2173.
Total: 1.714800 ms (FindLiveObjects: 0.151800 ms CreateObjectMapping: 0.046400 ms MarkObjects: 1.446900 ms  DeleteObjects: 0.068900 ms)

========================================================================
Received Prepare
Registering precompiled user dll's ...
Registered in 0.003108 seconds.
Begin MonoManager ReloadAssembly
Native extension for WindowsStandalone target not found
Native extension for WebGL target not found
Refreshing native plugins compatible for Editor in 0.29 ms, found 0 plugins.
Preloading 0 native plugins for Editor in 0.00 ms.
Invoked RoslynAnalysisRunner static constructor.
RoslynAnalysisRunner will not be running.
RoslynAnalysisRunner has terminated.
Mono: successfully reloaded assembly
- Completed reload, in  0.751 seconds
Platform modules already initialized, skipping
Refreshing native plugins compatible for Editor in 0.31 ms, found 0 plugins.
Preloading 0 native plugins for Editor in 0.00 ms.
Unloading 1633 Unused Serialized files (Serialized files now loaded: 0)
System memory in use before: 93.6 MB.
System memory in use after: 93.7 MB.

Unloading 10 unused Assets to reduce memory usage. Loaded Objects now: 2176.
Total: 1.698600 ms (FindLiveObjects: 0.166100 ms CreateObjectMapping: 0.052900 ms MarkObjects: 1.430400 ms  DeleteObjects: 0.048500 ms)

========================================================================
Received Prepare
Registering precompiled user dll's ...
Registered in 0.002357 seconds.
Begin MonoManager ReloadAssembly
Native extension for WindowsStandalone target not found
Native extension for WebGL target not found
Refreshing native plugins compatible for Editor in 0.52 ms, found 0 plugins.
Preloading 0 native plugins for Editor in 0.00 ms.
Invoked RoslynAnalysisRunner static constructor.
RoslynAnalysisRunner will not be running.
RoslynAnalysisRunner has terminated.
Mono: successfully reloaded assembly
- Completed reload, in  0.730 seconds
Platform modules already initialized, skipping
Refreshing native plugins compatible for Editor in 0.30 ms, found 0 plugins.
Preloading 0 native plugins for Editor in 0.00 ms.
Unloading 1633 Unused Serialized files (Serialized files now loaded: 0)
System memory in use before: 93.9 MB.
System memory in use after: 94.0 MB.

Unloading 10 unused Assets to reduce memory usage. Loaded Objects now: 2179.
Total: 2.591700 ms (FindLiveObjects: 0.437700 ms CreateObjectMapping: 0.149800 ms MarkObjects: 1.948300 ms  DeleteObjects: 0.054500 ms)

========================================================================
Received Prepare
Registering precompiled user dll's ...
Registered in 0.002338 seconds.
Begin MonoManager ReloadAssembly
Native extension for WindowsStandalone target not found
Native extension for WebGL target not found
Refreshing native plugins compatible for Editor in 0.31 ms, found 0 plugins.
Preloading 0 native plugins for Editor in 0.00 ms.
Invoked RoslynAnalysisRunner static constructor.
RoslynAnalysisRunner will not be running.
RoslynAnalysisRunner has terminated.
Mono: successfully reloaded assembly
- Completed reload, in  0.725 seconds
Platform modules already initialized, skipping
Refreshing native plugins compatible for Editor in 0.30 ms, found 0 plugins.
Preloading 0 native plugins for Editor in 0.00 ms.
Unloading 1633 Unused Serialized files (Serialized files now loaded: 0)
System memory in use before: 93.6 MB.
System memory in use after: 93.7 MB.

Unloading 10 unused Assets to reduce memory usage. Loaded Objects now: 2182.
Total: 1.741100 ms (FindLiveObjects: 0.179800 ms CreateObjectMapping: 0.053900 ms MarkObjects: 1.454900 ms  DeleteObjects: 0.051400 ms)

========================================================================
Received Prepare
Registering precompiled user dll's ...
Registered in 0.002709 seconds.
Begin MonoManager ReloadAssembly
Native extension for WindowsStandalone target not found
Native extension for WebGL target not found
Refreshing native plugins compatible for Editor in 0.83 ms, found 0 plugins.
Preloading 0 native plugins for Editor in 0.00 ms.
Invoked RoslynAnalysisRunner static constructor.
RoslynAnalysisRunner will not be running.
RoslynAnalysisRunner has terminated.
Mono: successfully reloaded assembly
- Completed reload, in  0.901 seconds
Platform modules already initialized, skipping
Refreshing native plugins compatible for Editor in 0.38 ms, found 0 plugins.
Preloading 0 native plugins for Editor in 0.00 ms.
Unloading 1633 Unused Serialized files (Serialized files now loaded: 0)
System memory in use before: 93.9 MB.
System memory in use after: 94.0 MB.

Unloading 10 unused Assets to reduce memory usage. Loaded Objects now: 2185.
Total: 2.098500 ms (FindLiveObjects: 0.260200 ms CreateObjectMapping: 0.081200 ms MarkObjects: 1.693800 ms  DeleteObjects: 0.060900 ms)

========================================================================
Received Prepare
Registering precompiled user dll's ...
Registered in 0.002352 seconds.
Begin MonoManager ReloadAssembly
Native extension for WindowsStandalone target not found
Native extension for WebGL target not found
Refreshing native plugins compatible for Editor in 0.30 ms, found 0 plugins.
Preloading 0 native plugins for Editor in 0.00 ms.
Invoked RoslynAnalysisRunner static constructor.
RoslynAnalysisRunner will not be running.
RoslynAnalysisRunner has terminated.
Mono: successfully reloaded assembly
- Completed reload, in  0.755 seconds
Platform modules already initialized, skipping
Refreshing native plugins compatible for Editor in 0.56 ms, found 0 plugins.
Preloading 0 native plugins for Editor in 0.00 ms.
Unloading 1633 Unused Serialized files (Serialized files now loaded: 0)
System memory in use before: 93.7 MB.
System memory in use after: 93.8 MB.

Unloading 10 unused Assets to reduce memory usage. Loaded Objects now: 2188.
Total: 1.598000 ms (FindLiveObjects: 0.141800 ms CreateObjectMapping: 0.042400 ms MarkObjects: 1.366400 ms  DeleteObjects: 0.046500 ms)

========================================================================
Received Prepare
Registering precompiled user dll's ...
Registered in 0.002828 seconds.
Begin MonoManager ReloadAssembly
Native extension for WindowsStandalone target not found
Native extension for WebGL target not found
Refreshing native plugins compatible for Editor in 0.40 ms, found 0 plugins.
Preloading 0 native plugins for Editor in 0.00 ms.
Invoked RoslynAnalysisRunner static constructor.
RoslynAnalysisRunner will not be running.
RoslynAnalysisRunner has terminated.
Mono: successfully reloaded assembly
- Completed reload, in  0.885 seconds
Platform modules already initialized, skipping
Refreshing native plugins compatible for Editor in 0.32 ms, found 0 plugins.
Preloading 0 native plugins for Editor in 0.00 ms.
Unloading 1633 Unused Serialized files (Serialized files now loaded: 0)
System memory in use before: 93.9 MB.
System memory in use after: 94.0 MB.

Unloading 10 unused Assets to reduce memory usage. Loaded Objects now: 2191.
Total: 3.252400 ms (FindLiveObjects: 0.443300 ms CreateObjectMapping: 0.135900 ms MarkObjects: 2.582300 ms  DeleteObjects: 0.088600 ms)

========================================================================
Received Prepare
Registering precompiled user dll's ...
Registered in 0.186797 seconds.
Begin MonoManager ReloadAssembly
Native extension for WindowsStandalone target not found
Native extension for WebGL target not found
Refreshing native plugins compatible for Editor in 0.33 ms, found 0 plugins.
Preloading 0 native plugins for Editor in 0.00 ms.
Invoked RoslynAnalysisRunner static constructor.
RoslynAnalysisRunner will not be running.
RoslynAnalysisRunner has terminated.
Mono: successfully reloaded assembly
- Completed reload, in  1.089 seconds
Platform modules already initialized, skipping
Refreshing native plugins compatible for Editor in 0.32 ms, found 0 plugins.
Preloading 0 native plugins for Editor in 0.00 ms.
Unloading 1633 Unused Serialized files (Serialized files now loaded: 0)
System memory in use before: 93.8 MB.
System memory in use after: 93.9 MB.

Unloading 10 unused Assets to reduce memory usage. Loaded Objects now: 2194.
Total: 1.723900 ms (FindLiveObjects: 0.226900 ms CreateObjectMapping: 0.055000 ms MarkObjects: 1.387500 ms  DeleteObjects: 0.053700 ms)

========================================================================
Received Import Request.
  Time since last request: 32172.536739 seconds.
  path: Assets/Resources/Prefabs/InGameSpawnSystem.prefab
  artifactKey: Guid(ff0a2c8de4e4434418d97bf7cb7ad29e) Importer(815301076,1909f56bfc062723c751e8b465ee728b)
Start importing Assets/Resources/Prefabs/InGameSpawnSystem.prefab using Guid(ff0a2c8de4e4434418d97bf7cb7ad29e) Importer(815301076,1909f56bfc062723c751e8b465ee728b)  -> (artifact id: 'd29fbe30268c339fd316c2a2c1d899a4') in 0.642483 seconds
  Import took 0.691949 seconds .

========================================================================
Received Prepare
Registering precompiled user dll's ...
Registered in 0.002515 seconds.
Begin MonoManager ReloadAssembly
Native extension for WindowsStandalone target not found
Native extension for WebGL target not found
Refreshing native plugins compatible for Editor in 0.30 ms, found 0 plugins.
Preloading 0 native plugins for Editor in 0.00 ms.
Invoked RoslynAnalysisRunner static constructor.
RoslynAnalysisRunner will not be running.
RoslynAnalysisRunner has terminated.
Mono: successfully reloaded assembly
- Completed reload, in  0.761 seconds
Platform modules already initialized, skipping
Refreshing native plugins compatible for Editor in 0.34 ms, found 0 plugins.
Preloading 0 native plugins for Editor in 0.00 ms.
Unloading 1633 Unused Serialized files (Serialized files now loaded: 0)
System memory in use before: 94.0 MB.
System memory in use after: 94.1 MB.

Unloading 10 unused Assets to reduce memory usage. Loaded Objects now: 2197.
Total: 2.094200 ms (FindLiveObjects: 0.206200 ms CreateObjectMapping: 0.053000 ms MarkObjects: 1.773500 ms  DeleteObjects: 0.059900 ms)

========================================================================
Received Prepare
Registering precompiled user dll's ...
Registered in 0.002966 seconds.
Begin MonoManager ReloadAssembly
Native extension for WindowsStandalone target not found
Native extension for WebGL target not found
Refreshing native plugins compatible for Editor in 0.56 ms, found 0 plugins.
Preloading 0 native plugins for Editor in 0.00 ms.
Invoked RoslynAnalysisRunner static constructor.
RoslynAnalysisRunner will not be running.
RoslynAnalysisRunner has terminated.
Mono: successfully reloaded assembly
- Completed reload, in  0.866 seconds
Platform modules already initialized, skipping
Refreshing native plugins compatible for Editor in 0.34 ms, found 0 plugins.
Preloading 0 native plugins for Editor in 0.00 ms.
Unloading 1633 Unused Serialized files (Serialized files now loaded: 0)
System memory in use before: 93.8 MB.
System memory in use after: 93.9 MB.

Unloading 10 unused Assets to reduce memory usage. Loaded Objects now: 2200.
Total: 1.795100 ms (FindLiveObjects: 0.159200 ms CreateObjectMapping: 0.049700 ms MarkObjects: 1.535000 ms  DeleteObjects: 0.050500 ms)

========================================================================
Received Import Request.
  Time since last request: 1016.370452 seconds.
  path: Assets/Resources/Prefabs/Doughboy.prefab
  artifactKey: Guid(a7acd5a4325477245ba4498dd4a55b8f) Importer(815301076,1909f56bfc062723c751e8b465ee728b)
Start importing Assets/Resources/Prefabs/Doughboy.prefab using Guid(a7acd5a4325477245ba4498dd4a55b8f) Importer(815301076,1909f56bfc062723c751e8b465ee728b)  -> (artifact id: 'b88e860889fc2112f5d9f5dfad47da80') in 0.719673 seconds
  Import took 0.749720 seconds .

========================================================================
Received Prepare
Registering precompiled user dll's ...
Registered in 0.002924 seconds.
Begin MonoManager ReloadAssembly
Native extension for WindowsStandalone target not found
Native extension for WebGL target not found
Refreshing native plugins compatible for Editor in 0.33 ms, found 0 plugins.
Preloading 0 native plugins for Editor in 0.00 ms.
Invoked RoslynAnalysisRunner static constructor.
RoslynAnalysisRunner will not be running.
RoslynAnalysisRunner has terminated.
Mono: successfully reloaded assembly
- Completed reload, in  0.760 seconds
Platform modules already initialized, skipping
Refreshing native plugins compatible for Editor in 0.31 ms, found 0 plugins.
Preloading 0 native plugins for Editor in 0.00 ms.
Unloading 1633 Unused Serialized files (Serialized files now loaded: 0)
System memory in use before: 94.0 MB.
System memory in use after: 94.1 MB.

Unloading 10 unused Assets to reduce memory usage. Loaded Objects now: 2204.
Total: 1.579600 ms (FindLiveObjects: 0.150200 ms CreateObjectMapping: 0.053800 ms MarkObjects: 1.326600 ms  DeleteObjects: 0.048300 ms)

========================================================================
Received Prepare
Registering precompiled user dll's ...
Registered in 0.002705 seconds.
Begin MonoManager ReloadAssembly
Native extension for WindowsStandalone target not found
Native extension for WebGL target not found
Refreshing native plugins compatible for Editor in 0.39 ms, found 0 plugins.
Preloading 0 native plugins for Editor in 0.00 ms.
Invoked RoslynAnalysisRunner static constructor.
RoslynAnalysisRunner will not be running.
RoslynAnalysisRunner has terminated.
Mono: successfully reloaded assembly
- Completed reload, in  1.096 seconds
Platform modules already initialized, skipping
Refreshing native plugins compatible for Editor in 0.46 ms, found 0 plugins.
Preloading 0 native plugins for Editor in 0.00 ms.
Unloading 1633 Unused Serialized files (Serialized files now loaded: 0)
System memory in use before: 93.9 MB.
System memory in use after: 94.0 MB.

Unloading 10 unused Assets to reduce memory usage. Loaded Objects now: 2207.
Total: 2.256200 ms (FindLiveObjects: 0.216600 ms CreateObjectMapping: 0.055500 ms MarkObjects: 1.882600 ms  DeleteObjects: 0.099700 ms)

========================================================================
Received Prepare
Registering precompiled user dll's ...
Registered in 0.004107 seconds.
Begin MonoManager ReloadAssembly
Native extension for WindowsStandalone target not found
Native extension for WebGL target not found
Refreshing native plugins compatible for Editor in 0.32 ms, found 0 plugins.
Preloading 0 native plugins for Editor in 0.00 ms.
Invoked RoslynAnalysisRunner static constructor.
RoslynAnalysisRunner will not be running.
RoslynAnalysisRunner has terminated.
Mono: successfully reloaded assembly
- Completed reload, in  0.780 seconds
Platform modules already initialized, skipping
Refreshing native plugins compatible for Editor in 0.34 ms, found 0 plugins.
Preloading 0 native plugins for Editor in 0.00 ms.
Unloading 1633 Unused Serialized files (Serialized files now loaded: 0)
System memory in use before: 94.0 MB.
System memory in use after: 94.1 MB.

Unloading 10 unused Assets to reduce memory usage. Loaded Objects now: 2210.
Total: 1.678700 ms (FindLiveObjects: 0.144900 ms CreateObjectMapping: 0.046800 ms MarkObjects: 1.441100 ms  DeleteObjects: 0.045100 ms)

========================================================================
Received Prepare
Registering precompiled user dll's ...
Registered in 0.003022 seconds.
Begin MonoManager ReloadAssembly
Native extension for WindowsStandalone target not found
Native extension for WebGL target not found
Refreshing native plugins compatible for Editor in 0.66 ms, found 0 plugins.
Preloading 0 native plugins for Editor in 0.00 ms.
Invoked RoslynAnalysisRunner static constructor.
RoslynAnalysisRunner will not be running.
RoslynAnalysisRunner has terminated.
Mono: successfully reloaded assembly
- Completed reload, in  1.073 seconds
Platform modules already initialized, skipping
Refreshing native plugins compatible for Editor in 0.50 ms, found 0 plugins.
Preloading 0 native plugins for Editor in 0.00 ms.
Unloading 1633 Unused Serialized files (Serialized files now loaded: 0)
System memory in use before: 94.0 MB.
System memory in use after: 94.1 MB.

Unloading 10 unused Assets to reduce memory usage. Loaded Objects now: 2213.
Total: 4.354500 ms (FindLiveObjects: 0.546100 ms CreateObjectMapping: 0.213700 ms MarkObjects: 3.499600 ms  DeleteObjects: 0.092500 ms)

========================================================================
Received Prepare
Registering precompiled user dll's ...
Registered in 0.002534 seconds.
Begin MonoManager ReloadAssembly
Native extension for WindowsStandalone target not found
Native extension for WebGL target not found
Refreshing native plugins compatible for Editor in 0.38 ms, found 0 plugins.
Preloading 0 native plugins for Editor in 0.00 ms.
Invoked RoslynAnalysisRunner static constructor.
RoslynAnalysisRunner will not be running.
RoslynAnalysisRunner has terminated.
Mono: successfully reloaded assembly
- Completed reload, in  0.747 seconds
Platform modules already initialized, skipping
Refreshing native plugins compatible for Editor in 0.55 ms, found 0 plugins.
Preloading 0 native plugins for Editor in 0.00 ms.
Unloading 1633 Unused Serialized files (Serialized files now loaded: 0)
System memory in use before: 94.0 MB.
System memory in use after: 94.1 MB.

Unloading 10 unused Assets to reduce memory usage. Loaded Objects now: 2216.
Total: 1.708400 ms (FindLiveObjects: 0.170900 ms CreateObjectMapping: 0.068100 ms MarkObjects: 1.417700 ms  DeleteObjects: 0.051100 ms)

========================================================================
Received Prepare
Registering precompiled user dll's ...
Registered in 0.002366 seconds.
Begin MonoManager ReloadAssembly
Native extension for WindowsStandalone target not found
Native extension for WebGL target not found
Refreshing native plugins compatible for Editor in 0.30 ms, found 0 plugins.
Preloading 0 native plugins for Editor in 0.00 ms.
Invoked RoslynAnalysisRunner static constructor.
RoslynAnalysisRunner will not be running.
RoslynAnalysisRunner has terminated.
Mono: successfully reloaded assembly
- Completed reload, in  0.740 seconds
Platform modules already initialized, skipping
Refreshing native plugins compatible for Editor in 0.30 ms, found 0 plugins.
Preloading 0 native plugins for Editor in 0.00 ms.
Unloading 1633 Unused Serialized files (Serialized files now loaded: 0)
System memory in use before: 94.0 MB.
System memory in use after: 94.1 MB.

Unloading 10 unused Assets to reduce memory usage. Loaded Objects now: 2219.
Total: 1.879400 ms (FindLiveObjects: 0.187400 ms CreateObjectMapping: 0.057100 ms MarkObjects: 1.572400 ms  DeleteObjects: 0.061300 ms)

========================================================================
Received Prepare
Registering precompiled user dll's ...
Registered in 0.003068 seconds.
Begin MonoManager ReloadAssembly
Native extension for WindowsStandalone target not found
Native extension for WebGL target not found
Refreshing native plugins compatible for Editor in 0.44 ms, found 0 plugins.
Preloading 0 native plugins for Editor in 0.00 ms.
Invoked RoslynAnalysisRunner static constructor.
RoslynAnalysisRunner will not be running.
RoslynAnalysisRunner has terminated.
Mono: successfully reloaded assembly
- Completed reload, in  0.858 seconds
Platform modules already initialized, skipping
Refreshing native plugins compatible for Editor in 0.77 ms, found 0 plugins.
Preloading 0 native plugins for Editor in 0.00 ms.
Unloading 1633 Unused Serialized files (Serialized files now loaded: 0)
System memory in use before: 93.6 MB.
System memory in use after: 93.7 MB.

Unloading 10 unused Assets to reduce memory usage. Loaded Objects now: 2222.
Total: 1.831000 ms (FindLiveObjects: 0.204000 ms CreateObjectMapping: 0.065100 ms MarkObjects: 1.507600 ms  DeleteObjects: 0.053300 ms)

========================================================================
Received Import Request.
  Time since last request: 811.087431 seconds.
  path: Assets/MyAssets/Scenes/BattleScene.unity
  artifactKey: Guid(38816450aea52514d807f7e5bf8391a9) Importer(815301076,1909f56bfc062723c751e8b465ee728b)
Start importing Assets/MyAssets/Scenes/BattleScene.unity using Guid(38816450aea52514d807f7e5bf8391a9) Importer(815301076,1909f56bfc062723c751e8b465ee728b)  -> (artifact id: 'a088c736d5b4a581c1f59d13eb5fa3cd') in 0.091643 seconds
  Import took 0.102859 seconds .

========================================================================
Received Prepare
Registering precompiled user dll's ...
Registered in 0.002684 seconds.
Begin MonoManager ReloadAssembly
Native extension for WindowsStandalone target not found
Native extension for WebGL target not found
Refreshing native plugins compatible for Editor in 0.31 ms, found 0 plugins.
Preloading 0 native plugins for Editor in 0.00 ms.
Invoked RoslynAnalysisRunner static constructor.
RoslynAnalysisRunner will not be running.
RoslynAnalysisRunner has terminated.
Mono: successfully reloaded assembly
- Completed reload, in  0.749 seconds
Platform modules already initialized, skipping
Refreshing native plugins compatible for Editor in 0.30 ms, found 0 plugins.
Preloading 0 native plugins for Editor in 0.00 ms.
Unloading 1633 Unused Serialized files (Serialized files now loaded: 0)
System memory in use before: 94.1 MB.
System memory in use after: 94.1 MB.

Unloading 10 unused Assets to reduce memory usage. Loaded Objects now: 2225.
Total: 1.774600 ms (FindLiveObjects: 0.171000 ms CreateObjectMapping: 0.054100 ms MarkObjects: 1.499600 ms  DeleteObjects: 0.049000 ms)

========================================================================
Received Prepare
Registering precompiled user dll's ...
Registered in 0.002979 seconds.
Begin MonoManager ReloadAssembly
Native extension for WindowsStandalone target not found
Native extension for WebGL target not found
Refreshing native plugins compatible for Editor in 0.30 ms, found 0 plugins.
Preloading 0 native plugins for Editor in 0.00 ms.
Invoked RoslynAnalysisRunner static constructor.
RoslynAnalysisRunner will not be running.
RoslynAnalysisRunner has terminated.
Mono: successfully reloaded assembly
- Completed reload, in  0.752 seconds
Platform modules already initialized, skipping
Refreshing native plugins compatible for Editor in 0.30 ms, found 0 plugins.
Preloading 0 native plugins for Editor in 0.00 ms.
Unloading 1633 Unused Serialized files (Serialized files now loaded: 0)
System memory in use before: 93.7 MB.
System memory in use after: 93.8 MB.

Unloading 10 unused Assets to reduce memory usage. Loaded Objects now: 2228.
Total: 1.734800 ms (FindLiveObjects: 0.249500 ms CreateObjectMapping: 0.062200 ms MarkObjects: 1.370900 ms  DeleteObjects: 0.051300 ms)

========================================================================
Received Prepare
Registering precompiled user dll's ...
Registered in 0.004274 seconds.
Begin MonoManager ReloadAssembly
Native extension for WindowsStandalone target not found
Native extension for WebGL target not found
Refreshing native plugins compatible for Editor in 0.30 ms, found 0 plugins.
Preloading 0 native plugins for Editor in 0.00 ms.
Invoked RoslynAnalysisRunner static constructor.
RoslynAnalysisRunner will not be running.
RoslynAnalysisRunner has terminated.
Mono: successfully reloaded assembly
- Completed reload, in  0.846 seconds
Platform modules already initialized, skipping
Refreshing native plugins compatible for Editor in 0.30 ms, found 0 plugins.
Preloading 0 native plugins for Editor in 0.00 ms.
Unloading 1633 Unused Serialized files (Serialized files now loaded: 0)
System memory in use before: 94.1 MB.
System memory in use after: 94.2 MB.

Unloading 10 unused Assets to reduce memory usage. Loaded Objects now: 2231.
Total: 2.168300 ms (FindLiveObjects: 0.222600 ms CreateObjectMapping: 0.083300 ms MarkObjects: 1.804200 ms  DeleteObjects: 0.057000 ms)

========================================================================
Received Prepare
Registering precompiled user dll's ...
Registered in 0.002430 seconds.
Begin MonoManager ReloadAssembly
Native extension for WindowsStandalone target not found
Native extension for WebGL target not found
Refreshing native plugins compatible for Editor in 0.33 ms, found 0 plugins.
Preloading 0 native plugins for Editor in 0.00 ms.
Invoked RoslynAnalysisRunner static constructor.
RoslynAnalysisRunner will not be running.
RoslynAnalysisRunner has terminated.
Mono: successfully reloaded assembly
- Completed reload, in  0.760 seconds
Platform modules already initialized, skipping
Refreshing native plugins compatible for Editor in 0.31 ms, found 0 plugins.
Preloading 0 native plugins for Editor in 0.00 ms.
Unloading 1633 Unused Serialized files (Serialized files now loaded: 0)
System memory in use before: 93.7 MB.
System memory in use after: 93.8 MB.

Unloading 10 unused Assets to reduce memory usage. Loaded Objects now: 2234.
Total: 2.305400 ms (FindLiveObjects: 0.314500 ms CreateObjectMapping: 0.099900 ms MarkObjects: 1.828800 ms  DeleteObjects: 0.060900 ms)

========================================================================
Received Import Request.
  Time since last request: 1330.528943 seconds.
  path: Assets/MyAssets/Scripts/SelectLobby/SelectLobbyManager.cs
  artifactKey: Guid(1b9fd6ed0f857b84da4f77dad1d7f91d) Importer(815301076,1909f56bfc062723c751e8b465ee728b)
Start importing Assets/MyAssets/Scripts/SelectLobby/SelectLobbyManager.cs using Guid(1b9fd6ed0f857b84da4f77dad1d7f91d) Importer(815301076,1909f56bfc062723c751e8b465ee728b)  -> (artifact id: '165c5c8ce7fe3f6043a770854bf1531b') in 0.082275 seconds
  Import took 0.111114 seconds .

========================================================================
Received Import Request.
  Time since last request: 1.648602 seconds.
  path: Assets/MyAssets/Scripts/SelectLobby/SelectLobbyManager.cs
  artifactKey: Guid(1b9fd6ed0f857b84da4f77dad1d7f91d) Importer(815301076,1909f56bfc062723c751e8b465ee728b)
Start importing Assets/MyAssets/Scripts/SelectLobby/SelectLobbyManager.cs using Guid(1b9fd6ed0f857b84da4f77dad1d7f91d) Importer(815301076,1909f56bfc062723c751e8b465ee728b)  -> (artifact id: '165c5c8ce7fe3f6043a770854bf1531b') in 0.001824 seconds
  Import took 0.004220 seconds .

========================================================================
Received Prepare
Registering precompiled user dll's ...
Registered in 0.004494 seconds.
Begin MonoManager ReloadAssembly
Native extension for WindowsStandalone target not found
Native extension for WebGL target not found
Refreshing native plugins compatible for Editor in 0.73 ms, found 0 plugins.
Preloading 0 native plugins for Editor in 0.00 ms.
Invoked RoslynAnalysisRunner static constructor.
RoslynAnalysisRunner will not be running.
RoslynAnalysisRunner has terminated.
Mono: successfully reloaded assembly
- Completed reload, in  0.863 seconds
Platform modules already initialized, skipping
Refreshing native plugins compatible for Editor in 0.33 ms, found 0 plugins.
Preloading 0 native plugins for Editor in 0.00 ms.
Unloading 1633 Unused Serialized files (Serialized files now loaded: 0)
System memory in use before: 94.1 MB.
System memory in use after: 94.2 MB.

Unloading 10 unused Assets to reduce memory usage. Loaded Objects now: 2237.
Total: 2.873500 ms (FindLiveObjects: 0.407300 ms CreateObjectMapping: 0.099100 ms MarkObjects: 2.292900 ms  DeleteObjects: 0.072100 ms)

========================================================================
Received Prepare
Registering precompiled user dll's ...
Registered in 0.002504 seconds.
Begin MonoManager ReloadAssembly
Native extension for WindowsStandalone target not found
Native extension for WebGL target not found
Refreshing native plugins compatible for Editor in 0.30 ms, found 0 plugins.
Preloading 0 native plugins for Editor in 0.00 ms.
Invoked RoslynAnalysisRunner static constructor.
RoslynAnalysisRunner will not be running.
RoslynAnalysisRunner has terminated.
Mono: successfully reloaded assembly
- Completed reload, in  0.770 seconds
Platform modules already initialized, skipping
Refreshing native plugins compatible for Editor in 0.37 ms, found 0 plugins.
Preloading 0 native plugins for Editor in 0.00 ms.
Unloading 1633 Unused Serialized files (Serialized files now loaded: 0)
System memory in use before: 93.8 MB.
System memory in use after: 93.9 MB.

Unloading 10 unused Assets to reduce memory usage. Loaded Objects now: 2240.
Total: 1.675000 ms (FindLiveObjects: 0.189600 ms CreateObjectMapping: 0.052800 ms MarkObjects: 1.382300 ms  DeleteObjects: 0.049000 ms)

========================================================================
Received Prepare
Registering precompiled user dll's ...
Registered in 0.003312 seconds.
Begin MonoManager ReloadAssembly
Native extension for WindowsStandalone target not found
Native extension for WebGL target not found
Refreshing native plugins compatible for Editor in 0.98 ms, found 0 plugins.
Preloading 0 native plugins for Editor in 0.00 ms.
Invoked RoslynAnalysisRunner static constructor.
RoslynAnalysisRunner will not be running.
RoslynAnalysisRunner has terminated.
Mono: successfully reloaded assembly
- Completed reload, in  0.853 seconds
Platform modules already initialized, skipping
Refreshing native plugins compatible for Editor in 0.34 ms, found 0 plugins.
Preloading 0 native plugins for Editor in 0.00 ms.
Unloading 1633 Unused Serialized files (Serialized files now loaded: 0)
System memory in use before: 94.1 MB.
System memory in use after: 94.2 MB.

Unloading 10 unused Assets to reduce memory usage. Loaded Objects now: 2243.
Total: 1.778400 ms (FindLiveObjects: 0.167500 ms CreateObjectMapping: 0.055600 ms MarkObjects: 1.501500 ms  DeleteObjects: 0.052500 ms)

========================================================================
Received Import Request.
  Time since last request: 177.019689 seconds.
  path: Assets/MyAssets/Scenes/BattleScene.unity
  artifactKey: Guid(38816450aea52514d807f7e5bf8391a9) Importer(815301076,1909f56bfc062723c751e8b465ee728b)
Start importing Assets/MyAssets/Scenes/BattleScene.unity using Guid(38816450aea52514d807f7e5bf8391a9) Importer(815301076,1909f56bfc062723c751e8b465ee728b)  -> (artifact id: '04eadf8c97c0105dca8bf1f39c7a5c60') in 0.011548 seconds
  Import took 0.027128 seconds .

========================================================================
Received Import Request.
  Time since last request: 14.247107 seconds.
  path: Assets/MyAssets/Scenes/Level/Level A.unity
  artifactKey: Guid(e1c2829a68bda5248ad45c8a1e5526d4) Importer(815301076,1909f56bfc062723c751e8b465ee728b)
Start importing Assets/MyAssets/Scenes/Level/Level A.unity using Guid(e1c2829a68bda5248ad45c8a1e5526d4) Importer(815301076,1909f56bfc062723c751e8b465ee728b)  -> (artifact id: 'f477d78b1758fb661fcc7f152f748ca4') in 0.028923 seconds
  Import took 0.043453 seconds .

========================================================================
Received Import Request.
  Time since last request: 33.563979 seconds.
  path: Assets/Resources/Prefabs/nodespawner.prefab
  artifactKey: Guid(1b543e552244a0044be9a79927b8c314) Importer(815301076,1909f56bfc062723c751e8b465ee728b)
Start importing Assets/Resources/Prefabs/nodespawner.prefab using Guid(1b543e552244a0044be9a79927b8c314) Importer(815301076,1909f56bfc062723c751e8b465ee728b)  -> (artifact id: '16ce2a71cb5dfc283be1db6ca459134e') in 0.030816 seconds
  Import took 0.034633 seconds .

========================================================================
Received Import Request.
  Time since last request: 0.000481 seconds.
  path: Assets/Resources/Prefabs/nodespawner.prefab
  artifactKey: Guid(1b543e552244a0044be9a79927b8c314) Importer(815301076,1909f56bfc062723c751e8b465ee728b)
Start importing Assets/Resources/Prefabs/nodespawner.prefab using Guid(1b543e552244a0044be9a79927b8c314) Importer(815301076,1909f56bfc062723c751e8b465ee728b)  -> (artifact id: '16ce2a71cb5dfc283be1db6ca459134e') in 0.009367 seconds
  Import took 0.013157 seconds .

========================================================================
Received Import Request.
  Time since last request: 4.027622 seconds.
  path: Assets/Resources/Prefabs/Doughboy.prefab
  artifactKey: Guid(a7acd5a4325477245ba4498dd4a55b8f) Importer(815301076,1909f56bfc062723c751e8b465ee728b)
Start importing Assets/Resources/Prefabs/Doughboy.prefab using Guid(a7acd5a4325477245ba4498dd4a55b8f) Importer(815301076,1909f56bfc062723c751e8b465ee728b)  -> (artifact id: 'ff8984bd5e289dd8ec7b030fca2a2c53') in 0.077618 seconds
  Import took 0.082554 seconds .

========================================================================
Received Import Request.
  Time since last request: 47.520314 seconds.
  path: Assets/MyAssets/Scenes/BattleScene.unity
  artifactKey: Guid(38816450aea52514d807f7e5bf8391a9) Importer(815301076,1909f56bfc062723c751e8b465ee728b)
Start importing Assets/MyAssets/Scenes/BattleScene.unity using Guid(38816450aea52514d807f7e5bf8391a9) Importer(815301076,1909f56bfc062723c751e8b465ee728b)  -> (artifact id: 'e0e71687496a9c3041bba114f532e6f9') in 0.004341 seconds
  Import took 0.016689 seconds .

========================================================================
Received Import Request.
  Time since last request: 1.681799 seconds.
  path: Assets/MyAssets/Scenes/Level/Level B.unity
  artifactKey: Guid(cedc49b28c6611b44819ccc8447568d7) Importer(815301076,1909f56bfc062723c751e8b465ee728b)
Start importing Assets/MyAssets/Scenes/Level/Level B.unity using Guid(cedc49b28c6611b44819ccc8447568d7) Importer(815301076,1909f56bfc062723c751e8b465ee728b)  -> (artifact id: '27f93fa77932468e7c51df2e24e80641') in 0.018325 seconds
  Import took 0.031615 seconds .

========================================================================
Received Prepare
Registering precompiled user dll's ...
Registered in 0.002920 seconds.
Begin MonoManager ReloadAssembly
Native extension for WindowsStandalone target not found
Native extension for WebGL target not found
Refreshing native plugins compatible for Editor in 0.42 ms, found 0 plugins.
Preloading 0 native plugins for Editor in 0.00 ms.
Invoked RoslynAnalysisRunner static constructor.
RoslynAnalysisRunner will not be running.
RoslynAnalysisRunner has terminated.
Mono: successfully reloaded assembly
- Completed reload, in  0.895 seconds
Platform modules already initialized, skipping
Refreshing native plugins compatible for Editor in 0.31 ms, found 0 plugins.
Preloading 0 native plugins for Editor in 0.00 ms.
Unloading 1633 Unused Serialized files (Serialized files now loaded: 0)
System memory in use before: 93.9 MB.
System memory in use after: 94.0 MB.

Unloading 10 unused Assets to reduce memory usage. Loaded Objects now: 2247.
Total: 1.915100 ms (FindLiveObjects: 0.195700 ms CreateObjectMapping: 0.072600 ms MarkObjects: 1.489600 ms  DeleteObjects: 0.156000 ms)

========================================================================
Received Import Request.
  Time since last request: 215.070585 seconds.
  path: Assets/Resources/Prefabs/Doughboy.prefab
  artifactKey: Guid(a7acd5a4325477245ba4498dd4a55b8f) Importer(815301076,1909f56bfc062723c751e8b465ee728b)
Start importing Assets/Resources/Prefabs/Doughboy.prefab using Guid(a7acd5a4325477245ba4498dd4a55b8f) Importer(815301076,1909f56bfc062723c751e8b465ee728b)  -> (artifact id: 'fc0a091e540badf6c99af0ca76cfc447') in 0.076055 seconds
  Import took 0.078749 seconds .

========================================================================
Received Prepare
Registering precompiled user dll's ...
Registered in 0.003686 seconds.
Begin MonoManager ReloadAssembly
Native extension for WindowsStandalone target not found
Native extension for WebGL target not found
Refreshing native plugins compatible for Editor in 0.39 ms, found 0 plugins.
Preloading 0 native plugins for Editor in 0.00 ms.
Invoked RoslynAnalysisRunner static constructor.
RoslynAnalysisRunner will not be running.
RoslynAnalysisRunner has terminated.
Mono: successfully reloaded assembly
- Completed reload, in  1.102 seconds
Platform modules already initialized, skipping
Refreshing native plugins compatible for Editor in 0.41 ms, found 0 plugins.
Preloading 0 native plugins for Editor in 0.00 ms.
Unloading 1633 Unused Serialized files (Serialized files now loaded: 0)
System memory in use before: 94.2 MB.
System memory in use after: 94.2 MB.

Unloading 10 unused Assets to reduce memory usage. Loaded Objects now: 2251.
Total: 2.253900 ms (FindLiveObjects: 0.308500 ms CreateObjectMapping: 0.100700 ms MarkObjects: 1.768000 ms  DeleteObjects: 0.075300 ms)

========================================================================
Received Prepare
Registering precompiled user dll's ...
Registered in 0.002404 seconds.
Begin MonoManager ReloadAssembly
Native extension for WindowsStandalone target not found
Native extension for WebGL target not found
Refreshing native plugins compatible for Editor in 0.55 ms, found 0 plugins.
Preloading 0 native plugins for Editor in 0.00 ms.
Invoked RoslynAnalysisRunner static constructor.
RoslynAnalysisRunner will not be running.
RoslynAnalysisRunner has terminated.
Mono: successfully reloaded assembly
- Completed reload, in  0.784 seconds
Platform modules already initialized, skipping
Refreshing native plugins compatible for Editor in 0.52 ms, found 0 plugins.
Preloading 0 native plugins for Editor in 0.00 ms.
Unloading 1633 Unused Serialized files (Serialized files now loaded: 0)
System memory in use before: 94.0 MB.
System memory in use after: 94.1 MB.

Unloading 10 unused Assets to reduce memory usage. Loaded Objects now: 2254.
Total: 1.950000 ms (FindLiveObjects: 0.202800 ms CreateObjectMapping: 0.068200 ms MarkObjects: 1.612700 ms  DeleteObjects: 0.065100 ms)

========================================================================
Received Import Request.
  Time since last request: 58.242354 seconds.
  path: Assets/Resources/Prefabs/Doughboy.prefab
  artifactKey: Guid(a7acd5a4325477245ba4498dd4a55b8f) Importer(815301076,1909f56bfc062723c751e8b465ee728b)
Start importing Assets/Resources/Prefabs/Doughboy.prefab using Guid(a7acd5a4325477245ba4498dd4a55b8f) Importer(815301076,1909f56bfc062723c751e8b465ee728b)  -> (artifact id: '2e37f6213f2de602aa02cbe6336de28b') in 0.085269 seconds
  Import took 0.105292 seconds .

